[38;5;8m2022-10-28 08:00:49[0m [I] [38;5;78;1mapp[0m [38;5;15;1mKoishi/4.9.7[0m
[38;5;8m2022-10-28 08:00:49[0m [I] [38;5;78;1mapp[0m apply plugin [38;5;78mgroup:entry[0m
[38;5;8m2022-10-28 08:00:49[0m [I] [38;5;78;1mapp[0m apply plugin [38;5;78mgroup:basic[0m
[38;5;8m2022-10-28 08:00:49[0m [I] [38;5;78;1mapp[0m apply plugin [38;5;78mhelp[0m
[38;5;8m2022-10-28 08:00:49[0m [I] [38;5;78;1mapp[0m apply plugin [38;5;78mrate-limit[0m
[38;5;8m2022-10-28 08:00:49[0m [I] [38;5;78;1mapp[0m apply plugin [38;5;78msuggest[0m
[38;5;8m2022-10-28 08:00:49[0m [I] [38;5;78;1mapp[0m apply plugin [38;5;78mlocales[0m
[38;5;8m2022-10-28 08:00:49[0m [I] [38;5;78;1mapp[0m apply plugin [38;5;78mgroup:console[0m
[38;5;8m2022-10-28 08:00:49[0m [I] [38;5;78;1mapp[0m apply plugin [38;5;78mconsole[0m
[38;5;8m2022-10-28 08:00:49[0m [I] [38;5;78;1mapp[0m apply plugin [38;5;78mdataview[0m
[38;5;8m2022-10-28 08:00:49[0m [I] [38;5;78;1mapp[0m apply plugin [38;5;78mlogger[0m
[38;5;8m2022-10-28 08:00:49[0m [I] [38;5;78;1mapp[0m apply plugin [38;5;78minsight[0m
[38;5;8m2022-10-28 08:00:49[0m [I] [38;5;78;1mapp[0m apply plugin [38;5;78mcommands[0m
[38;5;8m2022-10-28 08:00:49[0m [I] [38;5;78;1mapp[0m apply plugin [38;5;78mmarket[0m
[38;5;8m2022-10-28 08:00:50[0m [I] [38;5;78;1mapp[0m apply plugin [38;5;78msandbox[0m
[38;5;8m2022-10-28 08:00:50[0m [I] [38;5;78;1mapp[0m apply plugin [38;5;78mgroup:database[0m
[38;5;8m2022-10-28 08:00:50[0m [I] [38;5;78;1mapp[0m apply plugin [38;5;78mstatus[0m
[38;5;8m2022-10-28 08:00:50[0m [I] [38;5;78;1mapp[0m apply plugin [38;5;78mdatabase-sqlite[0m
[38;5;8m2022-10-28 08:00:50[0m [E] [38;5;78;1mapp[0m cannot resolve plugin "database-sqlite"
[38;5;8m2022-10-28 08:00:50[0m [I] [38;5;78;1mapp[0m apply plugin [38;5;78mgroup:adapter[0m
[38;5;8m2022-10-28 08:00:50[0m [I] [38;5;78;1mapp[0m apply plugin [38;5;78mgocqhttp[0m
[38;5;8m2022-10-28 08:00:50[0m [I] [38;5;78;1mapp[0m server listening at [38;5;78mhttp://localhost:5140[0m
[38;5;8m2022-10-28 08:02:46[0m [I] [38;5;93;1mconsole[0m unknown message: [32m'sandbox/user'[39m [32m'Alice'[39m {}
[38;5;8m2022-10-28 11:00:06[0m [I] [38;5;78;1mapp[0m [38;5;15;1mKoishi/4.9.7[0m
[38;5;8m2022-10-28 11:00:06[0m [I] [38;5;78;1mapp[0m apply plugin [38;5;78mgroup:basic[0m
[38;5;8m2022-10-28 11:00:06[0m [I] [38;5;78;1mapp[0m apply plugin [38;5;78mgroup:entry[0m
[38;5;8m2022-10-28 11:00:06[0m [I] [38;5;78;1mapp[0m apply plugin [38;5;78mhelp[0m
[38;5;8m2022-10-28 11:00:06[0m [I] [38;5;78;1mapp[0m apply plugin [38;5;78mrate-limit[0m
[38;5;8m2022-10-28 11:00:06[0m [I] [38;5;78;1mapp[0m apply plugin [38;5;78msuggest[0m
[38;5;8m2022-10-28 11:00:06[0m [I] [38;5;78;1mapp[0m apply plugin [38;5;78mlocales[0m
[38;5;8m2022-10-28 11:00:06[0m [I] [38;5;78;1mapp[0m apply plugin [38;5;78mgroup:console[0m
[38;5;8m2022-10-28 11:00:06[0m [I] [38;5;78;1mapp[0m apply plugin [38;5;78mdataview[0m
[38;5;8m2022-10-28 11:00:06[0m [I] [38;5;78;1mapp[0m apply plugin [38;5;78mcommands[0m
[38;5;8m2022-10-28 11:00:06[0m [I] [38;5;78;1mapp[0m apply plugin [38;5;78mconsole[0m
[38;5;8m2022-10-28 11:00:06[0m [I] [38;5;78;1mapp[0m apply plugin [38;5;78mlogger[0m
[38;5;8m2022-10-28 11:00:06[0m [I] [38;5;78;1mapp[0m apply plugin [38;5;78minsight[0m
[38;5;8m2022-10-28 11:00:07[0m [I] [38;5;78;1mapp[0m apply plugin [38;5;78mmarket[0m
[38;5;8m2022-10-28 11:00:07[0m [I] [38;5;78;1mapp[0m apply plugin [38;5;78mstatus[0m
[38;5;8m2022-10-28 11:00:07[0m [I] [38;5;78;1mapp[0m apply plugin [38;5;78mgroup:database[0m
[38;5;8m2022-10-28 11:00:07[0m [I] [38;5;78;1mapp[0m apply plugin [38;5;78mdatabase-sqlite[0m
[38;5;8m2022-10-28 11:00:07[0m [I] [38;5;78;1mapp[0m apply plugin [38;5;78msandbox[0m
[38;5;8m2022-10-28 11:00:07[0m [E] [38;5;78;1mapp[0m cannot resolve plugin "database-sqlite"
[38;5;8m2022-10-28 11:00:07[0m [I] [38;5;78;1mapp[0m apply plugin [38;5;78mgroup:adapter[0m
[38;5;8m2022-10-28 11:00:07[0m [I] [38;5;78;1mapp[0m apply plugin [38;5;78mgocqhttp[0m
[38;5;8m2022-10-28 11:00:07[0m [I] [38;5;78;1mapp[0m server listening at [38;5;78mhttp://localhost:5140[0m
[38;5;8m2022-10-28 11:00:20[0m [W] [38;5;178;1mmarket[0m aborted
[38;5;8m2022-10-28 11:00:20[0m [W] [38;5;178;1mmarket[0m aborted
[38;5;8m2022-10-28 11:04:45[0m [I] [38;5;78;1mapp[0m [38;5;15;1mKoishi/4.9.7[0m
[38;5;8m2022-10-28 11:04:45[0m [I] [38;5;78;1mapp[0m apply plugin [38;5;78mgroup:entry[0m
[38;5;8m2022-10-28 11:04:45[0m [I] [38;5;78;1mapp[0m apply plugin [38;5;78mgroup:basic[0m
[38;5;8m2022-10-28 11:04:45[0m [I] [38;5;78;1mapp[0m apply plugin [38;5;78msuggest[0m
[38;5;8m2022-10-28 11:04:45[0m [I] [38;5;78;1mapp[0m apply plugin [38;5;78mrate-limit[0m
[38;5;8m2022-10-28 11:04:45[0m [I] [38;5;78;1mapp[0m apply plugin [38;5;78mlocales[0m
[38;5;8m2022-10-28 11:04:45[0m [I] [38;5;78;1mapp[0m apply plugin [38;5;78mcommands[0m
[38;5;8m2022-10-28 11:04:45[0m [I] [38;5;78;1mapp[0m apply plugin [38;5;78mhelp[0m
[38;5;8m2022-10-28 11:04:46[0m [I] [38;5;78;1mapp[0m apply plugin [38;5;78mgroup:console[0m
[38;5;8m2022-10-28 11:04:46[0m [I] [38;5;78;1mapp[0m apply plugin [38;5;78mconsole[0m
[38;5;8m2022-10-28 11:04:46[0m [I] [38;5;78;1mapp[0m apply plugin [38;5;78mdataview[0m
[38;5;8m2022-10-28 11:04:46[0m [I] [38;5;78;1mapp[0m apply plugin [38;5;78mlogger[0m
[38;5;8m2022-10-28 11:04:46[0m [I] [38;5;78;1mapp[0m apply plugin [38;5;78minsight[0m
[38;5;8m2022-10-28 11:04:46[0m [I] [38;5;78;1mapp[0m apply plugin [38;5;78msandbox[0m
[38;5;8m2022-10-28 11:04:46[0m [I] [38;5;78;1mapp[0m apply plugin [38;5;78mstatus[0m
[38;5;8m2022-10-28 11:04:46[0m [I] [38;5;78;1mapp[0m apply plugin [38;5;78mmarket[0m
[38;5;8m2022-10-28 11:04:46[0m [I] [38;5;78;1mapp[0m apply plugin [38;5;78mgroup:database[0m
[38;5;8m2022-10-28 11:04:46[0m [I] [38;5;78;1mapp[0m apply plugin [38;5;78mdatabase-sqlite[0m
[38;5;8m2022-10-28 11:04:47[0m [E] [38;5;78;1mapp[0m cannot resolve plugin "database-sqlite"
[38;5;8m2022-10-28 11:04:47[0m [I] [38;5;78;1mapp[0m apply plugin [38;5;78mgroup:adapter[0m
[38;5;8m2022-10-28 11:04:47[0m [I] [38;5;78;1mapp[0m apply plugin [38;5;78mgocqhttp[0m
[38;5;8m2022-10-28 11:04:47[0m [I] [38;5;78;1mapp[0m apply plugin [38;5;78madapter-onebot[0m
[38;5;8m2022-10-28 11:04:47[0m [I] [38;5;78;1mapp[0m server listening at [38;5;78mhttp://localhost:5140[0m
[38;5;8m2022-10-28 11:04:47[0m [I] [38;5;214;1madapter[0m connect to server: [38;5;214mws://127.0.0.1:8080[0m
[38;5;8m2022-10-28 11:07:37[0m [I] [38;5;78;1mapp[0m [38;5;15;1mKoishi/4.9.7[0m
[38;5;8m2022-10-28 11:07:38[0m [I] [38;5;78;1mapp[0m apply plugin [38;5;78mgroup:entry[0m
[38;5;8m2022-10-28 11:07:38[0m [I] [38;5;78;1mapp[0m apply plugin [38;5;78mgroup:basic[0m
[38;5;8m2022-10-28 11:07:38[0m [I] [38;5;78;1mapp[0m apply plugin [38;5;78mhelp[0m
[38;5;8m2022-10-28 11:07:38[0m [I] [38;5;78;1mapp[0m apply plugin [38;5;78mrate-limit[0m
[38;5;8m2022-10-28 11:07:38[0m [I] [38;5;78;1mapp[0m apply plugin [38;5;78msuggest[0m
[38;5;8m2022-10-28 11:07:38[0m [I] [38;5;78;1mapp[0m apply plugin [38;5;78mlocales[0m
[38;5;8m2022-10-28 11:07:38[0m [I] [38;5;78;1mapp[0m apply plugin [38;5;78mcommands[0m
[38;5;8m2022-10-28 11:07:38[0m [I] [38;5;78;1mapp[0m apply plugin [38;5;78mdataview[0m
[38;5;8m2022-10-28 11:07:38[0m [I] [38;5;78;1mapp[0m apply plugin [38;5;78mgroup:console[0m
[38;5;8m2022-10-28 11:07:38[0m [I] [38;5;78;1mapp[0m apply plugin [38;5;78mlogger[0m
[38;5;8m2022-10-28 11:07:38[0m [I] [38;5;78;1mapp[0m apply plugin [38;5;78mconsole[0m
[38;5;8m2022-10-28 11:07:39[0m [I] [38;5;78;1mapp[0m apply plugin [38;5;78msandbox[0m
[38;5;8m2022-10-28 11:07:38[0m [I] [38;5;78;1mapp[0m apply plugin [38;5;78minsight[0m
[38;5;8m2022-10-28 11:07:39[0m [I] [38;5;78;1mapp[0m apply plugin [38;5;78mstatus[0m
[38;5;8m2022-10-28 11:07:39[0m [I] [38;5;78;1mapp[0m apply plugin [38;5;78mmarket[0m
[38;5;8m2022-10-28 11:07:39[0m [I] [38;5;78;1mapp[0m apply plugin [38;5;78mgroup:database[0m
[38;5;8m2022-10-28 11:07:39[0m [I] [38;5;78;1mapp[0m apply plugin [38;5;78mdatabase-sqlite[0m
[38;5;8m2022-10-28 11:07:39[0m [E] [38;5;78;1mapp[0m cannot resolve plugin "database-sqlite"
[38;5;8m2022-10-28 11:07:39[0m [I] [38;5;78;1mapp[0m apply plugin [38;5;78mgroup:adapter[0m
[38;5;8m2022-10-28 11:07:39[0m [I] [38;5;78;1mapp[0m apply plugin [38;5;78mgocqhttp[0m
[38;5;8m2022-10-28 11:07:40[0m [I] [38;5;78;1mapp[0m apply plugin [38;5;78madapter-onebot[0m
[38;5;8m2022-10-28 11:07:40[0m [I] [38;5;78;1mapp[0m server listening at [38;5;78mhttp://localhost:5140[0m
[38;5;8m2022-10-28 11:07:41[0m [I] [38;5;214;1madapter[0m connect to server: [38;5;214mws://127.0.0.1:8080[0m
[38;5;8m2022-10-28 11:08:18[0m [I] [38;5;78;1mapp[0m [38;5;15;1mKoishi/4.9.7[0m
[38;5;8m2022-10-28 11:08:18[0m [I] [38;5;78;1mapp[0m apply plugin [38;5;78mgroup:entry[0m
[38;5;8m2022-10-28 11:08:18[0m [I] [38;5;78;1mapp[0m apply plugin [38;5;78mgroup:basic[0m
[38;5;8m2022-10-28 11:08:18[0m [I] [38;5;78;1mapp[0m apply plugin [38;5;78mhelp[0m
[38;5;8m2022-10-28 11:08:19[0m [I] [38;5;78;1mapp[0m apply plugin [38;5;78msuggest[0m
[38;5;8m2022-10-28 11:08:19[0m [I] [38;5;78;1mapp[0m apply plugin [38;5;78mrate-limit[0m
[38;5;8m2022-10-28 11:08:19[0m [I] [38;5;78;1mapp[0m apply plugin [38;5;78mlocales[0m
[38;5;8m2022-10-28 11:08:19[0m [I] [38;5;78;1mapp[0m apply plugin [38;5;78mcommands[0m
[38;5;8m2022-10-28 11:08:19[0m [I] [38;5;78;1mapp[0m apply plugin [38;5;78mgroup:console[0m
[38;5;8m2022-10-28 11:08:19[0m [I] [38;5;78;1mapp[0m apply plugin [38;5;78mconsole[0m
[38;5;8m2022-10-28 11:08:19[0m [I] [38;5;78;1mapp[0m apply plugin [38;5;78mdataview[0m
[38;5;8m2022-10-28 11:08:19[0m [I] [38;5;78;1mapp[0m apply plugin [38;5;78minsight[0m
[38;5;8m2022-10-28 11:08:19[0m [I] [38;5;78;1mapp[0m apply plugin [38;5;78mlogger[0m
[38;5;8m2022-10-28 11:08:19[0m [I] [38;5;78;1mapp[0m apply plugin [38;5;78mmarket[0m
[38;5;8m2022-10-28 11:08:19[0m [I] [38;5;78;1mapp[0m apply plugin [38;5;78msandbox[0m
[38;5;8m2022-10-28 11:08:19[0m [I] [38;5;78;1mapp[0m apply plugin [38;5;78mstatus[0m
[38;5;8m2022-10-28 11:08:19[0m [I] [38;5;78;1mapp[0m apply plugin [38;5;78mgroup:database[0m
[38;5;8m2022-10-28 11:08:19[0m [I] [38;5;78;1mapp[0m apply plugin [38;5;78mdatabase-sqlite[0m
[38;5;8m2022-10-28 11:08:20[0m [E] [38;5;78;1mapp[0m cannot resolve plugin "database-sqlite"
[38;5;8m2022-10-28 11:08:20[0m [I] [38;5;78;1mapp[0m apply plugin [38;5;78mgroup:adapter[0m
[38;5;8m2022-10-28 11:08:20[0m [I] [38;5;78;1mapp[0m apply plugin [38;5;78mgocqhttp[0m
[38;5;8m2022-10-28 11:08:20[0m [I] [38;5;78;1mapp[0m apply plugin [38;5;78madapter-onebot[0m
[38;5;8m2022-10-28 11:08:20[0m [I] [38;5;78;1mapp[0m server listening at [38;5;78mhttp://localhost:5140[0m
[38;5;8m2022-10-28 11:08:20[0m [I] [38;5;214;1madapter[0m connect to server: [38;5;214mws://127.0.0.1:8080[0m
[38;5;8m2022-10-28 11:10:03[0m [I] [38;5;78;1mapp[0m apply plugin [38;5;78mgroup:entry[0m
[38;5;8m2022-10-28 11:10:03[0m [I] [38;5;78;1mapp[0m [38;5;15;1mKoishi/4.9.7[0m
[38;5;8m2022-10-28 11:10:04[0m [I] [38;5;78;1mapp[0m apply plugin [38;5;78mhost-price[0m
[38;5;8m2022-10-28 11:10:04[0m [I] [38;5;78;1mapp[0m apply plugin [38;5;78mgroup:basic[0m
[38;5;8m2022-10-28 11:10:04[0m [I] [38;5;78;1mapp[0m apply plugin [38;5;78mhelp[0m
[38;5;8m2022-10-28 11:10:04[0m [I] [38;5;78;1mapp[0m apply plugin [38;5;78mrate-limit[0m
[38;5;8m2022-10-28 11:10:04[0m [I] [38;5;78;1mapp[0m apply plugin [38;5;78msuggest[0m
[38;5;8m2022-10-28 11:10:04[0m [I] [38;5;78;1mapp[0m apply plugin [38;5;78mlocales[0m
[38;5;8m2022-10-28 11:10:04[0m [I] [38;5;78;1mapp[0m apply plugin [38;5;78mcommands[0m
[38;5;8m2022-10-28 11:10:04[0m [I] [38;5;78;1mapp[0m apply plugin [38;5;78mgroup:console[0m
[38;5;8m2022-10-28 11:10:04[0m [I] [38;5;78;1mapp[0m apply plugin [38;5;78mdataview[0m
[38;5;8m2022-10-28 11:10:04[0m [I] [38;5;78;1mapp[0m apply plugin [38;5;78mconsole[0m
[38;5;8m2022-10-28 11:10:04[0m [I] [38;5;78;1mapp[0m apply plugin [38;5;78mlogger[0m
[38;5;8m2022-10-28 11:10:05[0m [I] [38;5;78;1mapp[0m apply plugin [38;5;78minsight[0m
[38;5;8m2022-10-28 11:10:05[0m [I] [38;5;78;1mapp[0m apply plugin [38;5;78mmarket[0m
[38;5;8m2022-10-28 11:10:05[0m [I] [38;5;78;1mapp[0m apply plugin [38;5;78msandbox[0m
[38;5;8m2022-10-28 11:10:05[0m [I] [38;5;78;1mapp[0m apply plugin [38;5;78mgroup:database[0m
[38;5;8m2022-10-28 11:10:05[0m [I] [38;5;78;1mapp[0m apply plugin [38;5;78mstatus[0m
[38;5;8m2022-10-28 11:10:05[0m [I] [38;5;78;1mapp[0m apply plugin [38;5;78mdatabase-sqlite[0m
[38;5;8m2022-10-28 11:10:05[0m [E] [38;5;78;1mapp[0m cannot resolve plugin "database-sqlite"
[38;5;8m2022-10-28 11:10:05[0m [I] [38;5;78;1mapp[0m apply plugin [38;5;78mgroup:adapter[0m
[38;5;8m2022-10-28 11:10:05[0m [I] [38;5;78;1mapp[0m apply plugin [38;5;78mgocqhttp[0m
[38;5;8m2022-10-28 11:10:05[0m [I] [38;5;78;1mapp[0m apply plugin [38;5;78madapter-onebot[0m
[38;5;8m2022-10-28 11:10:05[0m [I] [38;5;78;1mapp[0m server listening at [38;5;78mhttp://localhost:5140[0m
[38;5;8m2022-10-28 11:10:06[0m [I] [38;5;214;1madapter[0m connect to server: [38;5;214mws://127.0.0.1:8080[0m
[38;5;8m2022-10-28 11:10:50[0m [I] [38;5;167;1mwatch[0m reload plugin at [38;5;167mplugins\host-price\src\index.ts[0m
[38;5;8m2022-10-28 11:29:07[0m [W] [38;5;167;1mwatch[0m { detail: [90mundefined[39m, id: [32m''[39m, location: { column: [33m48[39m, file: [32m'C:\\myfile\\project\\koishi\\plugins\\host-price\\src\\index.ts'[39m, length: [33m0[39m, line: [33m15[39m, lineText: [32m'      return "在？为什么说话带空格？;'[39m, namespace: [32m''[39m, suggestion: [32m''[39m }, notes: [], pluginName: [32m''[39m, text: [32m'Unterminated string literal'[39m }
[38;5;8m2022-10-28 11:29:35[0m [I] [38;5;167;1mwatch[0m reload plugin at [38;5;167mplugins\host-price\src\index.ts[0m
[38;5;8m2022-10-28 11:29:40[0m [I] [38;5;167;1mwatch[0m reload plugin at [38;5;167mplugins\host-price\src\index.ts[0m
[38;5;8m2022-10-28 11:30:01[0m [W] [38;5;167;1mwatch[0m Error: Cannot find module 'jsonpath'
                        Require stack:
                        - C:\myfile\project\koishi\plugins\host-price\src\tools.ts
                        - C:\myfile\project\koishi\plugins\host-price\src\index.ts
                        - C:\myfile\project\koishi\node_modules\.pnpm\registry.npmmirror.com+@koishijs+cli@4.9.7_koishi@4.9.7\node_modules\@koishijs\cli\lib\worker\index.js
                            at Function.Module._resolveFilename (node:internal/modules/cjs/loader:933:15)
                            at Function.Module._resolveFilename (C:\myfile\project\koishi\node_modules\.pnpm\registry.npmmirror.com+esbuild-register@3.3.3_esbuild@0.14.54\node_modules\esbuild-register\dist\node.js:4768:36)
                            at Function.Module._load (node:internal/modules/cjs/loader:778:27)
                            at Module.require (node:internal/modules/cjs/loader:1005:19)
                            at require (node:internal/modules/cjs/helpers:102:18)
                            at Object.<anonymous> (c:\myfile\project\koishi\plugins\host-price\src\tools.ts:2:16)
                            at Module._compile (node:internal/modules/cjs/loader:1103:14)
                            at Module._compile (C:\myfile\project\koishi\node_modules\.pnpm\registry.npmmirror.com+esbuild-register@3.3.3_esbuild@0.14.54\node_modules\esbuild-register\dist\node.js:2258:26)
                            at Module._extensions..js (node:internal/modules/cjs/loader:1155:10)
                            at Object.newLoader [as .ts] (C:\myfile\project\koishi\node_modules\.pnpm\registry.npmmirror.com+esbuild-register@3.3.3_esbuild@0.14.54\node_modules\esbuild-register\dist\node.js:2262:9)
[38;5;8m2022-10-28 11:30:07[0m [W] [38;5;167;1mwatch[0m Error: Cannot find module 'jsonpath'
                        Require stack:
                        - C:\myfile\project\koishi\plugins\host-price\src\tools.ts
                        - C:\myfile\project\koishi\plugins\host-price\src\index.ts
                        - C:\myfile\project\koishi\node_modules\.pnpm\registry.npmmirror.com+@koishijs+cli@4.9.7_koishi@4.9.7\node_modules\@koishijs\cli\lib\worker\index.js
                            at Function.Module._resolveFilename (node:internal/modules/cjs/loader:933:15)
                            at Function.Module._resolveFilename (C:\myfile\project\koishi\node_modules\.pnpm\registry.npmmirror.com+esbuild-register@3.3.3_esbuild@0.14.54\node_modules\esbuild-register\dist\node.js:4768:36)
                            at Function.Module._load (node:internal/modules/cjs/loader:778:27)
                            at Module.require (node:internal/modules/cjs/loader:1005:19)
                            at require (node:internal/modules/cjs/helpers:102:18)
                            at Object.<anonymous> (c:\myfile\project\koishi\plugins\host-price\src\tools.ts:2:16)
                            at Module._compile (node:internal/modules/cjs/loader:1103:14)
                            at Module._compile (C:\myfile\project\koishi\node_modules\.pnpm\registry.npmmirror.com+esbuild-register@3.3.3_esbuild@0.14.54\node_modules\esbuild-register\dist\node.js:2258:26)
                            at Module._extensions..js (node:internal/modules/cjs/loader:1155:10)
                            at Object.newLoader [as .ts] (C:\myfile\project\koishi\node_modules\.pnpm\registry.npmmirror.com+esbuild-register@3.3.3_esbuild@0.14.54\node_modules\esbuild-register\dist\node.js:2262:9)
[38;5;8m2022-10-28 11:31:04[0m [I] [38;5;78;1mapp[0m [38;5;15;1mKoishi/4.9.7[0m
[38;5;8m2022-10-28 11:31:04[0m [I] [38;5;78;1mapp[0m apply plugin [38;5;78mgroup:entry[0m
[38;5;8m2022-10-28 11:31:04[0m [I] [38;5;78;1mapp[0m apply plugin [38;5;78mhost-price[0m
[38;5;8m2022-10-28 11:31:05[0m [I] [38;5;78;1mapp[0m apply plugin [38;5;78mgroup:basic[0m
[38;5;8m2022-10-28 11:31:05[0m [I] [38;5;78;1mapp[0m apply plugin [38;5;78mhelp[0m
[38;5;8m2022-10-28 11:31:05[0m [I] [38;5;78;1mapp[0m apply plugin [38;5;78mrate-limit[0m
[38;5;8m2022-10-28 11:31:05[0m [I] [38;5;78;1mapp[0m apply plugin [38;5;78msuggest[0m
[38;5;8m2022-10-28 11:31:05[0m [I] [38;5;78;1mapp[0m apply plugin [38;5;78mlocales[0m
[38;5;8m2022-10-28 11:31:05[0m [I] [38;5;78;1mapp[0m apply plugin [38;5;78mcommands[0m
[38;5;8m2022-10-28 11:31:05[0m [I] [38;5;78;1mapp[0m apply plugin [38;5;78mgroup:console[0m
[38;5;8m2022-10-28 11:31:05[0m [I] [38;5;78;1mapp[0m apply plugin [38;5;78mconsole[0m
[38;5;8m2022-10-28 11:31:05[0m [I] [38;5;78;1mapp[0m apply plugin [38;5;78mdataview[0m
[38;5;8m2022-10-28 11:31:05[0m [I] [38;5;78;1mapp[0m apply plugin [38;5;78mlogger[0m
[38;5;8m2022-10-28 11:31:05[0m [I] [38;5;78;1mapp[0m apply plugin [38;5;78minsight[0m
[38;5;8m2022-10-28 11:31:05[0m [I] [38;5;78;1mapp[0m apply plugin [38;5;78mmarket[0m
[38;5;8m2022-10-28 11:31:05[0m [I] [38;5;78;1mapp[0m apply plugin [38;5;78msandbox[0m
[38;5;8m2022-10-28 11:31:05[0m [I] [38;5;78;1mapp[0m apply plugin [38;5;78mstatus[0m
[38;5;8m2022-10-28 11:31:05[0m [I] [38;5;78;1mapp[0m apply plugin [38;5;78mdatabase-sqlite[0m
[38;5;8m2022-10-28 11:31:05[0m [I] [38;5;78;1mapp[0m apply plugin [38;5;78mgroup:database[0m
[38;5;8m2022-10-28 11:31:05[0m [I] [38;5;78;1mapp[0m apply plugin [38;5;78mgroup:adapter[0m
[38;5;8m2022-10-28 11:31:05[0m [E] [38;5;78;1mapp[0m cannot resolve plugin "database-sqlite"
[38;5;8m2022-10-28 11:31:05[0m [I] [38;5;78;1mapp[0m apply plugin [38;5;78madapter-onebot[0m
[38;5;8m2022-10-28 11:31:06[0m [I] [38;5;78;1mapp[0m server listening at [38;5;78mhttp://localhost:5140[0m
[38;5;8m2022-10-28 11:31:05[0m [I] [38;5;78;1mapp[0m apply plugin [38;5;78mgocqhttp[0m
[38;5;8m2022-10-28 11:31:06[0m [I] [38;5;214;1madapter[0m connect to server: [38;5;214mws://127.0.0.1:8080[0m
[38;5;8m2022-10-28 11:31:18[0m [W] [38;5;178;1mmarket[0m timeout of 5000ms exceeded
[38;5;8m2022-10-28 11:31:23[0m [W] [38;5;178;1mmarket[0m aborted
[38;5;8m2022-10-28 11:31:23[0m [W] [38;5;178;1mmarket[0m aborted
[38;5;8m2022-10-28 11:31:23[0m [W] [38;5;178;1mmarket[0m aborted
[38;5;8m2022-10-28 11:31:39[0m [W] [38;5;129;1msession[0m TypeError: Cannot read properties of undefined (reading 'map')
                            at Function.transformAsync (C:\myfile\project\koishi\node_modules\@satorijs\core\node_modules\@satorijs\element\src\index.ts:274:50)
                            at Session.<anonymous> (C:\myfile\project\koishi\node_modules\@satorijs\core\src\index.ts:77:40)
                            at Lifecycle.serial (C:\myfile\project\koishi\node_modules\cordis\src\events.ts:108:37)
                            at processTicksAndRejections (node:internal/process/task_queues:96:5)
                            at OneBotModulator.send (C:\myfile\project\koishi\node_modules\@satorijs\core\src\modulator.ts:42:9)
[38;5;8m2022-10-28 11:32:05[0m [I] [38;5;167;1mwatch[0m reload plugin at [38;5;167mplugins\host-price\src\index.ts[0m
[38;5;8m2022-10-28 11:32:13[0m [I] [38;5;167;1mwatch[0m reload plugin at [38;5;167mplugins\host-price\src\index.ts[0m
[38;5;8m2022-10-28 11:32:14[0m [I] [38;5;167;1mwatch[0m reload plugin at [38;5;167mplugins\host-price\src\index.ts[0m
[38;5;8m2022-10-28 11:32:33[0m [W] [38;5;129;1msession[0m TypeError: Cannot read properties of undefined (reading 'map')
                            at Function.transformAsync (C:\myfile\project\koishi\node_modules\@satorijs\core\node_modules\@satorijs\element\src\index.ts:274:50)
                            at Session.<anonymous> (C:\myfile\project\koishi\node_modules\@satorijs\core\src\index.ts:77:40)
                            at Lifecycle.serial (C:\myfile\project\koishi\node_modules\cordis\src\events.ts:108:37)
                            at processTicksAndRejections (node:internal/process/task_queues:96:5)
                            at OneBotModulator.send (C:\myfile\project\koishi\node_modules\@satorijs\core\src\modulator.ts:42:9)
[38;5;8m2022-10-28 11:32:55[0m [I] [38;5;167;1mwatch[0m reload plugin at [38;5;167mplugins\host-price\src\index.ts[0m
[38;5;8m2022-10-28 11:33:19[0m [I] [38;5;167;1mwatch[0m reload plugin at [38;5;167mplugins\host-price\src\index.ts[0m
[38;5;8m2022-10-28 11:34:01[0m [I] [38;5;167;1mwatch[0m reload plugin at [38;5;167mplugins\host-price\src\index.ts[0m
[38;5;8m2022-10-28 11:34:06[0m [I] [38;5;167;1mwatch[0m reload plugin at [38;5;167mplugins\host-price\src\index.ts[0m
[38;5;8m2022-10-28 11:34:15[0m [I] [38;5;167;1mwatch[0m reload plugin at [38;5;167mplugins\host-price\src\index.ts[0m
[38;5;8m2022-10-28 11:34:34[0m [I] [38;5;167;1mwatch[0m reload plugin at [38;5;167mplugins\host-price\src\index.ts[0m
[38;5;8m2022-10-28 11:35:01[0m [I] [38;5;167;1mwatch[0m reload plugin at [38;5;167mplugins\host-price\src\index.ts[0m
[38;5;8m2022-10-28 11:35:46[0m [I] [38;5;167;1mwatch[0m reload plugin at [38;5;167mplugins\host-price\src\index.ts[0m
[38;5;8m2022-10-28 11:35:52[0m [I] [38;5;167;1mwatch[0m reload plugin at [38;5;167mplugins\host-price\src\index.ts[0m
[38;5;8m2022-10-28 11:36:03[0m [I] [38;5;78;1mapp[0m [38;5;15;1mKoishi/4.9.7[0m
[38;5;8m2022-10-28 11:36:04[0m [I] [38;5;78;1mapp[0m apply plugin [38;5;78mgroup:entry[0m
[38;5;8m2022-10-28 11:36:04[0m [I] [38;5;78;1mapp[0m apply plugin [38;5;78mhost-price[0m
[38;5;8m2022-10-28 11:36:04[0m [I] [38;5;78;1mapp[0m apply plugin [38;5;78mhelp[0m
[38;5;8m2022-10-28 11:36:04[0m [I] [38;5;78;1mapp[0m apply plugin [38;5;78mgroup:basic[0m
[38;5;8m2022-10-28 11:36:04[0m [I] [38;5;78;1mapp[0m apply plugin [38;5;78mrate-limit[0m
[38;5;8m2022-10-28 11:36:04[0m [I] [38;5;78;1mapp[0m apply plugin [38;5;78mlocales[0m
[38;5;8m2022-10-28 11:36:04[0m [I] [38;5;78;1mapp[0m apply plugin [38;5;78msuggest[0m
[38;5;8m2022-10-28 11:36:04[0m [I] [38;5;78;1mapp[0m apply plugin [38;5;78mgroup:console[0m
[38;5;8m2022-10-28 11:36:04[0m [I] [38;5;78;1mapp[0m apply plugin [38;5;78mcommands[0m
[38;5;8m2022-10-28 11:36:04[0m [I] [38;5;78;1mapp[0m apply plugin [38;5;78mconsole[0m
[38;5;8m2022-10-28 11:36:04[0m [I] [38;5;78;1mapp[0m apply plugin [38;5;78mdataview[0m
[38;5;8m2022-10-28 11:36:04[0m [I] [38;5;78;1mapp[0m apply plugin [38;5;78mlogger[0m
[38;5;8m2022-10-28 11:36:04[0m [I] [38;5;78;1mapp[0m apply plugin [38;5;78minsight[0m
[38;5;8m2022-10-28 11:36:04[0m [I] [38;5;78;1mapp[0m apply plugin [38;5;78mmarket[0m
[38;5;8m2022-10-28 11:36:05[0m [I] [38;5;78;1mapp[0m apply plugin [38;5;78msandbox[0m
[38;5;8m2022-10-28 11:36:05[0m [I] [38;5;78;1mapp[0m apply plugin [38;5;78mstatus[0m
[38;5;8m2022-10-28 11:36:05[0m [I] [38;5;78;1mapp[0m apply plugin [38;5;78mgroup:database[0m
[38;5;8m2022-10-28 11:36:05[0m [I] [38;5;78;1mapp[0m apply plugin [38;5;78mdatabase-sqlite[0m
[38;5;8m2022-10-28 11:36:05[0m [I] [38;5;78;1mapp[0m apply plugin [38;5;78mgroup:adapter[0m
[38;5;8m2022-10-28 11:36:05[0m [E] [38;5;78;1mapp[0m cannot resolve plugin "database-sqlite"
[38;5;8m2022-10-28 11:36:05[0m [I] [38;5;78;1mapp[0m apply plugin [38;5;78mgocqhttp[0m
[38;5;8m2022-10-28 11:36:05[0m [I] [38;5;78;1mapp[0m server listening at [38;5;78mhttp://localhost:5140[0m
[38;5;8m2022-10-28 11:36:05[0m [I] [38;5;78;1mapp[0m apply plugin [38;5;78madapter-onebot[0m
[38;5;8m2022-10-28 11:36:05[0m [I] [38;5;214;1madapter[0m connect to server: [38;5;214mws://127.0.0.1:8080[0m
[38;5;8m2022-10-28 11:36:35[0m [I] [38;5;167;1mwatch[0m reload plugin at [38;5;167mplugins\host-price\src\index.ts[0m
[38;5;8m2022-10-28 11:37:36[0m [I] [38;5;167;1mwatch[0m reload plugin at [38;5;167mplugins\host-price\src\index.ts[0m
[38;5;8m2022-10-28 11:37:57[0m [I] [38;5;167;1mwatch[0m reload plugin at [38;5;167mplugins\host-price\src\index.ts[0m
[38;5;8m2022-10-28 11:38:19[0m [I] [38;5;167;1mwatch[0m reload plugin at [38;5;167mplugins\host-price\src\index.ts[0m
[38;5;8m2022-10-28 11:38:21[0m [I] [38;5;167;1mwatch[0m reload plugin at [38;5;167mplugins\host-price\src\index.ts[0m
[38;5;8m2022-10-28 11:39:01[0m [W] [38;5;167;1mwatch[0m { detail: [90mundefined[39m, id: [32m''[39m, location: { column: [33m15[39m, file: [32m'C:\\myfile\\project\\koishi\\plugins\\host-price\\src\\index.ts'[39m, length: [33m5[39m, line: [33m9[39m, lineText: [32m'  const data = await getHistroyPrice();'[39m, namespace: [32m''[39m, suggestion: [32m''[39m }, notes: [ { location: [36m[Object][39m, text: [32m'Consider adding the "async" keyword here:'[39m } ], pluginName: [32m''[39m, text: [32m'"await" can only be used inside an "async" function'[39m }
[38;5;8m2022-10-28 11:39:37[0m [I] [38;5;167;1mwatch[0m reload plugin at [38;5;167mplugins\host-price\src\index.ts[0m
[38;5;8m2022-10-28 11:39:42[0m [W] [38;5;129;1msession[0m 历史域名价格
                        TypeError: res.json is not a function
                            at null.historyFormat (c:\myfile\project\koishi\plugins\host-price\src\index.ts:12:14)
                            at null.<anonymous> (c:\myfile\project\koishi\plugins\host-price\src\index.ts:23:17)
                            at processTicksAndRejections (node:internal/process/task_queues:96:5)
                            at null.next (C:\myfile\project\koishi\node_modules\@koishijs\core\src\internal.ts:216:16)
                            at null.sendNext (C:\myfile\project\koishi\node_modules\@koishijs\plugin-suggest\src\index.ts:38:20)
                            at null.next (C:\myfile\project\koishi\node_modules\@koishijs\core\src\internal.ts:216:16)
                            at null.next (C:\myfile\project\koishi\node_modules\@koishijs\core\src\internal.ts:216:16)
                            at null.next (C:\myfile\project\koishi\node_modules\@koishijs\core\src\internal.ts:216:16)
                            at Internal._handleMessage (C:\myfile\project\koishi\node_modules\@koishijs\core\src\internal.ts:233:22)
                        Middleware stack:
                          - C:\myfile\project\koishi\node_modules\@koishijs\plugin-suggest\src\index.ts:38:26
                          - C:\myfile\project\koishi\node_modules\@koishijs\core\src\internal.ts:76:50
                          - C:\myfile\project\koishi\node_modules\@koishijs\core\src\internal.ts:181:12
[38;5;8m2022-10-28 11:40:03[0m [I] [38;5;167;1mwatch[0m reload plugin at [38;5;167mplugins\host-price\src\index.ts[0m
[38;5;8m2022-10-28 11:40:27[0m [I] [38;5;167;1mwatch[0m reload plugin at [38;5;167mplugins\host-price\src\index.ts[0m
[38;5;8m2022-10-28 11:40:43[0m [I] [38;5;167;1mwatch[0m reload plugin at [38;5;167mplugins\host-price\src\index.ts[0m
[38;5;8m2022-10-28 11:40:44[0m [I] [38;5;167;1mwatch[0m reload plugin at [38;5;167mplugins\host-price\src\index.ts[0m
[38;5;8m2022-10-28 11:40:45[0m [I] [38;5;167;1mwatch[0m reload plugin at [38;5;167mplugins\host-price\src\index.ts[0m
[38;5;8m2022-10-28 11:44:45[0m [I] [38;5;167;1mwatch[0m reload plugin at [38;5;167mplugins\host-price\src\index.ts[0m
